<?xml version="1.0" encoding="UTF-8"?>
<!-- Generated by org.testng.reporters.JUnitReportReporter -->
<testsuite hostname="DESKTOP-LQEM3VC" failures="0" tests="1" name="ebrahim.hossain.sqa.tests.LoginTest" time="4.137" errors="0" timestamp="2024-04-19T06:10:02 EDT" skipped="0">
  <testcase classname="ebrahim.hossain.sqa.tests.LoginTest" name="registrationTest" time="4.137"/>
  <system-out/>
</testsuite> <!-- ebrahim.hossain.sqa.tests.LoginTest -->
