<?xml version="1.0" encoding="UTF-8"?>
<!-- Generated by org.testng.reporters.JUnitReportReporter -->
<testsuite hostname="DESKTOP-LQEM3VC" failures="0" tests="1" name="ebrahim.hossain.sqa.tests.RegistrationTest" time="5.549" errors="0" timestamp="2024-04-19T21:43:23 EDT" skipped="0">
  <testcase classname="ebrahim.hossain.sqa.tests.RegistrationTest" name="registrationTest" time="5.549"/>
  <system-out/>
</testsuite> <!-- ebrahim.hossain.sqa.tests.RegistrationTest -->
