<?xml version="1.0" encoding="UTF-8"?>
<!-- Generated by org.testng.reporters.JUnitReportReporter -->
<testsuite hostname="DESKTOP-LQEM3VC" failures="0" tests="2" name="ebrahim.hossain.sqa.tests.LoginTest" time="2.442" errors="0" timestamp="2024-04-19T03:54:50 EDT" skipped="0">
  <testcase classname="ebrahim.hossain.sqa.tests.LoginTest" name="loginTest" time="0.345"/>
  <system-out/>
  <testcase classname="ebrahim.hossain.sqa.tests.LoginTest" name="registrationTest" time="2.097"/>
  <system-out/>
</testsuite> <!-- ebrahim.hossain.sqa.tests.LoginTest -->
