<?xml version="1.0" encoding="UTF-8"?>
<!-- Generated by org.testng.reporters.JUnitReportReporter -->
<testsuite hostname="DESKTOP-LQEM3VC" failures="0" tests="1" name="ebrahim.hossain.sqa.tests.LoginTest" time="3.616" errors="0" timestamp="2024-04-19T06:24:51 EDT" skipped="0">
  <testcase classname="ebrahim.hossain.sqa.tests.LoginTest" name="loginTest" time="3.616"/>
  <system-out/>
</testsuite> <!-- ebrahim.hossain.sqa.tests.LoginTest -->
